app/build/outputs/mapping/release/seeds.txt
com.guessseries.emoji.MainActivity
com.guessseries.emoji.ActivityGame
com.guessseries.emoji.ActivityGame: ActivityGame()
com.guessseries.emoji.MainActivity: MainActivity()
...
com.google.android.gms.ads.mediation.customevent.CustomEventAdapter: void onDestroy()
androidx.appcompat.widget.ContentFrameLayout
androidx.appcompat.widget.Toolbar: void setSubtitle(int)
com.google.firebase.database.connection.idl.IPersistentConnectionImpl: void setup(com.google.firebase.database.connection.idl.zzc,com.google.firebase.database.connection.idl.zzk,com.google.android.gms.dynamic.IObjectWrapper,com.google.firebase.database.connection.idl.zzw)
com.google.ads.mediation.admob.AdMobAdapter: java.lang.String NEW_BUNDLE
androidx.appcompat.widget.LinearLayoutCompat: void setBaselineAlignedChildIndex(int)
androidx.appcompat.widget.FitWindowsFrameLayout
androidx.vectordrawable.graphics.drawable.VectorDrawableCompat$VGroup: float getRotation()
com.google.android.gms.ads.mediation.MediationBannerAdapter: void onDestroy()
androidx.vectordrawable.graphics.drawable.VectorDrawableCompat$VGroup: void setScaleX(float)
androidx.appcompat.widget.Toolbar: Toolbar(android.content.Context,android.util.AttributeSet)
androidx.appcompat.widget.AppCompatRadioButton: void setSupportButtonTintList(android.content.res.ColorStateList)
com.google.ads.mediation.customevent.CustomEventInterstitial: void showInterstitial()
com.google.android.gms.auth.api.signin.internal.SignInConfiguration: android.os.Parcelable$Creator CREATOR
com.google.android.gms.ads.reward.mediation.MediationRewardedVideoAdAdapter: void showVideo()
com.google.android.gms.measurement.AppMeasurement: java.lang.String FCM_ORIGIN
com.google.android.gms.analytics.AnalyticsJobService
com.google.ads.mediation.AbstractAdViewAdapter: com.google.android.gms.ads.reward.RewardedVideoAdListener zzgy
com.google.android.gms.internal.zzxx: void onResume()
androidx.appcompat.widget.SearchView: void setSuggestionsAdapter(androidx.cursoradapter.widget.CursorAdapter)
androidx.media.AudioAttributesImplApi21Parcelizer: androidx.media.AudioAttributesImplApi21 read(androidx.versionedparcelable.VersionedParcel)
com.google.android.gms.measurement.AppMeasurement: java.util.Map getUserProperties(java.lang.String,java.lang.String,boolean)
androidx.appcompat.widget.ViewStubCompat: void setOnInflateListener(androidx.appcompat.widget.ViewStubCompat$OnInflateListener)
androidx.appcompat.widget.SearchView: void setOnSearchClickListener(android.view.View$OnClickListener)
com.google.android.gms.measurement.AppMeasurement: java.util.Map getUserProperties(boolean)
com.google.android.gms.flags.impl.FlagProviderImpl: int getIntFlagValue(java.lang.String,int,int)
com.google.android.gms.ads.internal.ClientApi: com.google.android.gms.internal.zzlo createAdLoaderBuilder(com.google.android.gms.dynamic.IObjectWrapper,java.lang.String,com.google.android.gms.internal.zzwf,int)
androidx.appcompat.widget.Toolbar: void setSubtitle(java.lang.CharSequence)
androidx.appcompat.widget.Toolbar: android.graphics.drawable.Drawable getOverflowIcon()
com.google.android.gms.ads.mediation.MediationInterstitialAdapter
com.google.android.gms.internal.zzemo: com.google.android.gms.internal.zzemo[] values()
com.google.android.gms.ads.internal.gmsg.HttpClient: HttpClient(android.content.Context,com.google.android.gms.internal.zzala)
com.google.android.gms.cast.framework.media.CastMediaOptions: android.os.Parcelable$Creator CREATOR
androidx.appcompat.widget.AppCompatEditText: android.content.res.ColorStateList getSupportBackgroundTintList()
com.google.android.gms.ads.internal.ClientApi
androidx.appcompat.widget.AppCompatCheckBox: void setSupportButtonTintMode(android.graphics.PorterDuff$Mode)
com.google.firebase.iid.zzb: zzb()
com.google.android.gms.internal.zzxx: void onDestroy()
com.google.android.gms.common.util.DynamiteApi
com.google.ads.mediation.AbstractAdViewAdapter: void requestInterstitialAd(android.content.Context,com.google.android.gms.ads.mediation.MediationInterstitialListener,android.os.Bundle,com.google.android.gms.ads.mediation.MediationAdRequest,android.os.Bundle)