app/build/outputs/mapping/release/mapping.txt
# compiler: R8
# compiler_version: 2.1.75
# min_api: 21
# pg_map_id: d9034c5
# common_typos_disable
com.guessseries.emoji.ActivityGame -> com.guessseries.emoji.ActivityGame:
    android.content.SharedPreferences prefs -> t
    android.widget.Button btn_izle -> V
    android.widget.TextView txt_yanlis -> r
    android.widget.Button key_btn_15 -> Z
    android.widget.Button key_btn_6 -> N
    android.widget.Button key_btn_16 -> a0
    android.widget.Button key_btn_10 -> R
    android.widget.ImageView img_four -> F
    android.view.View$OnClickListener btnAnswer_click -> j0
    android.view.View$OnClickListener bosClickListener -> l0
    android.widget.Button key_btn_18 -> c0
    android.widget.Button key_btn_2 -> J
    java.util.ArrayList oncekiRandomlar -> u
    android.widget.Button key_btn_14 -> Y
    android.widget.LinearLayout layout -> A
    java.lang.String filepath -> f0
    android.widget.Button key_btn_9 -> Q
    android.widget.Button btn_level -> U
    android.widget.ImageView img_tree -> E
    int countclick -> n0
    android.widget.Button key_btn_1 -> I
    com.google.android.gms.ads.InterstitialAd interstitialAd -> h0
    android.widget.Button key_btn_5 -> M
    java.util.ArrayList btnAnswer -> v
    android.media.MediaPlayer mediaPlayer -> p
    java.lang.String[] cevapKullanici -> q
    android.widget.Button key_btn_13 -> X
    java.util.ArrayList btnOpenKeys -> x
    android.widget.Button key_btn_8 -> P
    android.widget.Button key_btn_17 -> b0
    android.widget.ImageView img_two -> D
    android.widget.Button btn_scor -> T
com.guessseries.emoji.ActivityGame$1 -> com.guessseries.emoji.ActivityGame$i:
    com.guessseries.emoji.ActivityGame this$0 -> a
    void onAdLoaded() -> j
com.guessseries.emoji.ActivityGame$10 -> com.guessseries.emoji.ActivityGame$a:
    com.guessseries.emoji.ActivityGame this$0 -> b
com.guessseries.emoji.ActivityGame$11 -> com.guessseries.emoji.ActivityGame$b:
    com.guessseries.emoji.ActivityGame this$0 -> c
    android.app.Dialog val$dialog -> b
com.guessseries.emoji.ActivityGame$12 -> com.guessseries.emoji.ActivityGame$c:
    com.guessseries.emoji.ActivityGame this$0 -> c
    android.app.Dialog val$dialog -> b
com.guessseries.emoji.ActivityGame$13 -> com.guessseries.emoji.ActivityGame$d:
    android.app.Dialog val$dialog -> b
com.guessseries.emoji.ActivityGame$14 -> com.guessseries.emoji.ActivityGame$e:
    com.guessseries.emoji.ActivityGame this$0 -> b
com.guessseries.emoji.ActivityGame$15 -> com.guessseries.emoji.ActivityGame$f:
    com.guessseries.emoji.ActivityGame this$0 -> c
    android.app.Dialog val$dialog -> b
com.guessseries.emoji.ActivityGame$16 -> com.guessseries.emoji.ActivityGame$g:
com.guessseries.emoji.ActivityGame$17 -> com.guessseries.emoji.ActivityGame$h:
    com.guessseries.emoji.ActivityGame this$0 -> a
    void onAdLoaded() -> j
com.guessseries.emoji.ActivityGame$2 -> com.guessseries.emoji.ActivityGame$j:
    com.guessseries.emoji.ActivityGame this$0 -> b
com.guessseries.emoji.ActivityGame$3 -> com.guessseries.emoji.ActivityGame$k:
    com.guessseries.emoji.ActivityGame this$0 -> b
com.guessseries.emoji.ActivityGame$4 -> com.guessseries.emoji.ActivityGame$l:
    com.guessseries.emoji.ActivityGame this$0 -> b
com.guessseries.emoji.ActivityGame$5 -> com.guessseries.emoji.ActivityGame$m:
    com.guessseries.emoji.ActivityGame this$0 -> b
com.guessseries.emoji.ActivityGame$6 -> com.guessseries.emoji.ActivityGame$n:
    com.guessseries.emoji.ActivityGame this$0 -> b
com.guessseries.emoji.ActivityGame$7 -> com.guessseries.emoji.ActivityGame$o:
    com.guessseries.emoji.ActivityGame this$0 -> b
com.guessseries.emoji.ActivityGame$8 -> com.guessseries.emoji.ActivityGame$p:
    com.guessseries.emoji.ActivityGame this$0 -> b
com.guessseries.emoji.ActivityGame$9 -> com.guessseries.emoji.ActivityGame$q:
    com.guessseries.emoji.ActivityGame this$0 -> b
com.guessseries.emoji.CommonUtilities -> com.guessseries.emoji.a:
    int[] hangiHarfler -> b
    java.lang.String[][] words -> a
...
com.google.android.gms.internal.zzbhb -> com.google.android.gms.internal.hn:
    void zzch(int) -> q6
com.google.android.gms.internal.zzbhc -> com.google.android.gms.internal.in:
com.google.android.gms.internal.zzbhd -> com.google.android.gms.internal.jn:
    void zza(com.google.android.gms.internal.zzbhb) -> O5
com.google.android.gms.internal.zzbhe -> com.google.android.gms.internal.kn:
    void zza(com.google.android.gms.internal.zzbhb) -> O5
com.google.android.gms.internal.zzbhf -> com.google.android.gms.internal.ln:
    java.lang.String mTag -> a
    java.lang.String zzghj -> b
    int zzebd -> c
    java.lang.String format(java.lang.String,java.lang.Object[]) -> a
    int getLogLevel() -> b
    void zza(java.lang.String,java.lang.Throwable,java.lang.Object[]) -> c
    void zza(java.lang.String,java.lang.Object[]) -> d
    boolean zzae(int) -> e
    void zzb(java.lang.String,java.lang.Object[]) -> f
    java.lang.String zzc(java.lang.String[]) -> g
    void zzc(java.lang.String,java.lang.Object[]) -> h
    void zze(java.lang.String,java.lang.Object[]) -> i
    void zzf(java.lang.String,java.lang.Object[]) -> j
    void zzf(java.lang.Throwable) -> k
com.google.android.gms.internal.zzbhg -> com.google.android.gms.internal.mn:
    com.google.android.gms.internal.zzbhi zzgih -> a
    com.google.android.gms.internal.zzbhi zzanc() -> a
com.google.android.gms.internal.zzbhh -> com.google.android.gms.internal.nn:
    java.util.concurrent.ScheduledExecutorService newSingleThreadScheduledExecutor() -> a
com.google.android.gms.internal.zzbhi -> com.google.android.gms.internal.on:
    java.util.concurrent.ScheduledExecutorService newSingleThreadScheduledExecutor() -> a
com.google.android.gms.internal.zzbi -> com.google.android.gms.internal.pn:
    com.google.android.gms.internal.zzbi zzre -> z1
    com.google.android.gms.internal.zzbi zzqd -> Y0
    com.google.android.gms.internal.zzbi zzue -> Z2
    com.google.android.gms.internal.zzbi zzmx -> s
    com.google.android.gms.internal.zzbi zzvg -> B3
    com.google.android.gms.internal.zzbi zznw -> R
    com.google.android.gms.internal.zzbi zzqw -> r1
    com.google.android.gms.internal.zzbi zztw -> R2
    com.google.android.gms.internal.zzbi zzpv -> Q0
    com.google.android.gms.internal.zzbi zzux -> s3
    com.google.android.gms.internal.zzbi zzqo -> j1
    com.google.android.gms.internal.zzbi zzto -> J2
    com.google.android.gms.internal.zzbi zzpn -> I0
    com.google.android.gms.internal.zzbi zzup -> k3
    com.google.android.gms.internal.zzbi zznf -> A
    com.google.android.gms.internal.zzbi zzqg -> b1
    com.google.android.gms.internal.zzbi zztg -> B2
    com.google.android.gms.internal.zzbi zzpf -> A0
    com.google.android.gms.internal.zzbi zzuh -> c3
    com.google.android.gms.internal.zzbi zzpe -> z0
    com.google.android.gms.internal.zzbi zzse -> Z1
    com.google.android.gms.internal.zzbi zznv -> Q
    com.google.android.gms.internal.zzbi zzmw -> r
    com.google.android.gms.internal.zzbi zzow -> r0
    com.google.android.gms.internal.zzbi zzsx -> s2
    com.google.android.gms.internal.zzbi zzvx -> S3
    com.google.android.gms.internal.zzbi zzrw -> R1
com.google.android.gms.internal.zzbic -> com.google.android.gms.internal.qn:
    android.os.Handler mHandler -> a
com.google.android.gms.internal.zzbid -> com.google.android.gms.internal.rn:
    java.util.concurrent.ThreadFactory zzglp -> c
    java.util.concurrent.atomic.AtomicInteger zzglo -> b
    java.lang.String zzgln -> a
com.google.android.gms.internal.zzbie -> com.google.android.gms.internal.sn:
    java.lang.Runnable zzy -> b
    int mPriority -> c
com.google.android.gms.internal.zzbif -> com.google.android.gms.internal.tn:
    android.content.Context zzglq -> a
    java.lang.Boolean zzglr -> b
    boolean zzdb(android.content.Context) -> a