app/build/outputs/mapping/release/usage.txt
com.guessseries.emoji.R$interpolator
com.guessseries.emoji.R$drawable
com.guessseries.emoji.CommonUtilities:
    public void <init>()
com.guessseries.emoji.R$bool
com.guessseries.emoji.R$array
com.guessseries.emoji.R$anim
com.guessseries.emoji.R
com.guessseries.emoji.R$integer
com.guessseries.emoji.R$style
com.guessseries.emoji.ConnectionDetector
com.guessseries.emoji.BuildConfig
com.guessseries.emoji.R$raw
com.guessseries.emoji.R$layout
com.guessseries.emoji.R$string
com.guessseries.emoji.TebrikEkrani
com.guessseries.emoji.R$color
com.guessseries.emoji.R$attr
com.guessseries.emoji.ActivityGame:
    private int oncekiRandomlarKontrol()
    public void boslukkontrol()
    private java.util.ArrayList ramdomNubers
    private com.google.android.gms.ads.AdView adView
    private static final java.lang.String AD_UNIT_ID
    private static final java.lang.String APP_ID
com.guessseries.emoji.R$styleable
com.guessseries.emoji.R$id
com.guessseries.emoji.R$dimen
com.guessseries.emoji.ActivityGame$16:
    final synthetic com.guessseries.emoji.ActivityGame this$0
com.guessseries.emoji.ActivityGame$13:
    final synthetic com.guessseries.emoji.ActivityGame this$0
com.guessseries.emoji.ActivityGame:
    private android.app.AlertDialog$Builder builder
    private android.widget.LinearLayout photo_friends
    final java.lang.String FOLDER
...
androidx.media2.SessionToken2ImplBase
com.google.android.gms.wearable.internal.zzcu
androidx.media2.Rating2$StarStyle
androidx.core.app.NotificationManagerCompat$SideChannelManager$ListenerRecord
com.google.android.gms.ads.formats.OnPublisherAdViewLoadedListener
com.google.android.gms.games.internal.api.zzbd
com.google.android.gms.internal.zzcqp
com.google.android.gms.identity.intents.Address
com.google.android.gms.awareness.fence.LocationFence
com.google.android.gms.internal.zzeks
com.google.android.gms.games.event.zza
com.google.android.gms.fitness.Fitness
com.google.android.gms.internal.zzbym
com.google.android.gms.plus.internal.zzh
com.google.android.gms.games.Notifications
com.google.android.gms.maps.model.zzh
com.google.android.gms.internal.zzbnm
com.google.android.gms.nearby.messages.MessageFilter$Builder
com.google.android.gms.fitness.data.zze
com.google.android.gms.games.Games$zzd
com.google.android.gms.awareness.fence.FenceUpdateRequest
com.google.android.gms.wallet.fragment.SupportWalletFragment$zzb
com.google.android.gms.nearby.messages.MessagesClient
androidx.viewpager.widget.ViewPager$SavedState
androidx.recyclerview.widget.RecyclerView$ItemAnimator$AdapterChanges
com.google.android.gms.internal.zzxt
com.google.android.gms.internal.zzepq
com.google.android.gms.tagmanager.zzfh
com.google.android.gms.auth.api.accounttransfer.zzj
com.google.android.gms.internal.zzfgq
com.google.android.gms.games.internal.GamesClientImpl$zzp
com.google.android.gms.plus.Account
androidx.core.graphics.TypefaceCompatBaseImpl:
    private static final java.lang.String TAG
    private static final java.lang.String CACHE_FILE_PREFIX
androidx.media2.subtitle.Cea708CaptionRenderer
com.google.android.gms.tagmanager.zzfy
com.google.android.gms.internal.zzbsk
com.google.firebase.storage.StorageTask
com.google.android.gms.safetynet.SafeBrowsingThreat
com.google.android.gms.wearable.DataItemAsset
com.google.android.gms.fitness.data.zzv
com.google.android.gms.games.internal.api.zzdj
com.google.android.gms.common.data.zzg
com.google.android.gms.games.video.CaptureState
com.google.android.gms.nearby.messages.internal.zzy
com.google.android.gms.internal.zzbt
com.google.android.gms.fido.u2f.api.common.zzf
com.google.android.gms.internal.zzbhk
androidx.loader.R$styleable
com.google.android.gms.internal.zzcvn
androidx.appcompat.app.AppCompatViewInflater:
    private static final java.lang.String LOG_TAG
androidx.media2.MediaPlayer2Impl$MediaPlayerSourceQueue$9
androidx.recyclerview.widget.RecyclerView$ViewHolder:
    public void <init>(android.view.View)
    public final int getPosition()
    void stopIgnoring()
    static final int FLAG_BOUND
    static final int FLAG_UPDATE
    static final int FLAG_INVALID
    static final int FLAG_REMOVED
    static final int FLAG_NOT_RECYCLABLE
    static final int FLAG_RETURNED_FROM_SCRAP
    static final int FLAG_IGNORE
    static final int FLAG_TMP_DETACHED
    static final int FLAG_ADAPTER_POSITION_UNKNOWN
    static final int FLAG_ADAPTER_FULLUPDATE
    static final int FLAG_MOVED
    static final int FLAG_APPEARED_IN_PRE_LAYOUT
    static final int PENDING_ACCESSIBILITY_STATE_NOT_SET
    static final int FLAG_BOUNCED_FROM_HIDDEN_LIST
    static final int FLAG_SET_A11Y_ITEM_DELEGATE
androidx.mediarouter.app.MediaRouteActionProvider
com.google.android.gms.games.internal.api.zzcg
androidx.mediarouter.media.MediaRouterJellybeanMr1:
    private void <init>()
    private static final java.lang.String TAG
com.google.android.gms.common.images.ImageManager$zzb
com.google.android.gms.location.zzb
com.google.android.gms.internal.zzedn
com.google.android.gms.location.places.ui.zzf
com.google.android.gms.drive.metadata.internal.zzb
com.google.android.gms.internal.zzcuk
androidx.multidex.MultiDex$V14
android.support.v4.os.ResultReceiver:
    public void <init>(android.os.Handler)
    public void send(int,android.os.Bundle)
com.google.android.gms.fitness.request.zzaq
com.google.android.gms.wallet.LineItem